<?xml version="1.0" encoding="UTF-8"?>
<!-- Generated by org.testng.reporters.JUnitReportReporter -->
<testsuite skipped="0" hostname="DESKTOP-KPB0C5Q" name="academy.Mynewmaven.RegistrationpageTest" tests="1" failures="0" timestamp="28 Jan 2020 17:03:11 GMT" time="7.164" errors="0">
  <testcase name="registrationtest" time="7.164" classname="academy.Mynewmaven.RegistrationpageTest"/>
</testsuite> <!-- academy.Mynewmaven.RegistrationpageTest -->
