<?xml version="1.0" encoding="UTF-8"?>
<!-- Generated by org.testng.reporters.JUnitReportReporter -->
<testsuite skipped="0" hostname="DESKTOP-KPB0C5Q" name="academy.Mynewmaven.LandingpageTest" tests="1" failures="0" timestamp="28 Jan 2020 17:03:11 GMT" time="4.031" errors="0">
  <testcase name="landinginn" time="4.031" classname="academy.Mynewmaven.LandingpageTest"/>
</testsuite> <!-- academy.Mynewmaven.LandingpageTest -->
