<?xml version="1.0" encoding="UTF-8"?>
<!-- Generated by org.testng.reporters.JUnitReportReporter -->
<testsuite skipped="0" hostname="DESKTOP-KPB0C5Q" name="academy.Mynewmaven.registrationpage" tests="1" failures="0" timestamp="06 Jul 2019 07:33:24 GMT" time="14.785" errors="0">
  <testcase name="registrationtest" time="14.785" classname="academy.Mynewmaven.registrationpage"/>
</testsuite> <!-- academy.Mynewmaven.registrationpage -->
