<?xml version="1.0" encoding="UTF-8"?>
<!-- Generated by org.testng.reporters.JUnitReportReporter -->
<testsuite skipped="0" hostname="DESKTOP-KPB0C5Q" name="academy.Mynewmaven.Xceltest" tests="1" failures="0" timestamp="15 Sep 2019 12:00:04 GMT" time="30.379" errors="0">
  <testcase name="xcelreader" time="30.379" classname="academy.Mynewmaven.Xceltest"/>
</testsuite> <!-- academy.Mynewmaven.Xceltest -->
