<?xml version="1.0" encoding="UTF-8"?>
<!-- Generated by org.testng.reporters.JUnitReportReporter -->
<testsuite skipped="0" hostname="DESKTOP-KPB0C5Q" name="academy.Mynewmaven.Goibiboclass" tests="1" failures="0" timestamp="06 Dec 2019 06:08:27 GMT" time="13.219" errors="0">
  <testcase name="goselection" time="13.219" classname="academy.Mynewmaven.Goibiboclass"/>
</testsuite> <!-- academy.Mynewmaven.Goibiboclass -->
