<?xml version="1.0" encoding="UTF-8"?>
<!-- Generated by org.testng.reporters.JUnitReportReporter -->
<testsuite skipped="0" hostname="DESKTOP-KPB0C5Q" name="academy.Mynewmaven.Hahulacadamypage" tests="1" failures="0" timestamp="09 Dec 2019 11:48:22 GMT" time="8.417" errors="0">
  <testcase name="newrahulTest" time="8.417" classname="academy.Mynewmaven.Hahulacadamypage"/>
</testsuite> <!-- academy.Mynewmaven.Hahulacadamypage -->
