<?xml version="1.0" encoding="UTF-8"?>
<!-- Generated by org.testng.reporters.JUnitReportReporter -->
<testsuite skipped="0" hostname="DESKTOP-KPB0C5Q" name="academy.Mynewmaven.Readingfromexcel" tests="1" failures="0" timestamp="19 Jul 2019 15:21:34 GMT" time="67.094" errors="0">
  <testcase name="exceldata" time="67.094" classname="academy.Mynewmaven.Readingfromexcel"/>
</testsuite> <!-- academy.Mynewmaven.Readingfromexcel -->
