<?xml version="1.0" encoding="UTF-8"?>
<!-- Generated by org.testng.reporters.JUnitReportReporter -->
<testsuite skipped="0" hostname="DESKTOP-KPB0C5Q" name="academy.Mynewmaven.LandingpageTest" tests="1" failures="0" timestamp="15 Sep 2019 06:08:46 GMT" time="3.970" errors="0">
  <testcase name="landinginn" time="3.970" classname="academy.Mynewmaven.LandingpageTest"/>
</testsuite> <!-- academy.Mynewmaven.LandingpageTest -->
