<?xml version="1.0" encoding="UTF-8"?>
<!-- Generated by org.testng.reporters.JUnitReportReporter -->
<testsuite skipped="0" hostname="DESKTOP-KPB0C5Q" name="academy.Mynewmaven.RegistrationpageTest" tests="1" failures="0" timestamp="30 Jul 2019 15:44:35 GMT" time="7.127" errors="0">
  <testcase name="registrationtest" time="7.127" classname="academy.Mynewmaven.RegistrationpageTest"/>
</testsuite> <!-- academy.Mynewmaven.RegistrationpageTest -->
