<?xml version="1.0" encoding="UTF-8"?>
<!-- Generated by org.testng.reporters.JUnitReportReporter -->
<testsuite skipped="0" hostname="DESKTOP-KPB0C5Q" name="academy.Mynewmaven.Landingpage" tests="1" failures="0" timestamp="01 Jul 2019 17:51:23 GMT" time="10.189" errors="0">
  <testcase name="landinginn" time="10.189" classname="academy.Mynewmaven.Landingpage"/>
</testsuite> <!-- academy.Mynewmaven.Landingpage -->
