<?xml version="1.0" encoding="UTF-8"?>
<!-- Generated by org.testng.reporters.JUnitReportReporter -->
<testsuite skipped="0" hostname="DESKTOP-KPB0C5Q" name="academy.Mynewmaven.basemynew" tests="1" failures="0" timestamp="28 Jun 2019 12:31:41 GMT" time="6.176" errors="0">
  <testcase name="basictestcase" time="6.176" classname="academy.Mynewmaven.basemynew"/>
</testsuite> <!-- academy.Mynewmaven.basemynew -->
